{"timestamp":"2025-07-14T22:03:50.381Z","userId":"68757709ad95bbd3cb076fb2","email":"anupbipin135@gmail.com","action":"login","details":"Login successful, MFA sent"}
{"timestamp":"2025-07-14T22:04:14.498Z","userId":"68757709ad95bbd3cb076fb2","email":"anupbipin135@gmail.com","action":"mfa_verified","details":"MFA code verified, login complete"}
{"timestamp":"2025-07-14T22:04:31.927Z","userId":"68757709ad95bbd3cb076fb2","email":"anupbipin135@gmail.com","action":"update_profile","details":"Profile updated"}
{"timestamp":"2025-07-14T22:04:36.966Z","userId":"68757709ad95bbd3cb076fb2","email":"anupbipin135@gmail.com","action":"update_profile","details":"Profile updated"}
{"timestamp":"2025-07-15T05:22:25.275Z","userId":"6869ff2275d8745bbf90233d","email":"anupkc189@gmail.com","action":"login_failed","details":"Invalid credentials"}
{"timestamp":"2025-07-15T05:22:35.732Z","userId":"6869ff2275d8745bbf90233d","email":"anupkc189@gmail.com","action":"login_failed","details":"Invalid credentials"}
{"timestamp":"2025-07-15T05:23:06.482Z","userId":"6869ff2275d8745bbf90233d","email":"anupkc189@gmail.com","action":"login_failed","details":"Invalid credentials"}
{"timestamp":"2025-07-15T06:48:36.224Z","userId":"686aa4ae5482b251f2e90059","email":"155sumargapuri@gmail.com","action":"login","details":"Login successful, MFA sent"}
{"timestamp":"2025-07-15T06:48:57.984Z","userId":"686aa4ae5482b251f2e90059","email":"155sumargapuri@gmail.com","action":"mfa_verified","details":"MFA code verified, login complete"}
{"timestamp":"2025-07-15T06:58:11.365Z","userId":"686aa4ae5482b251f2e90059","email":"155sumargapuri@gmail.com","action":"login","details":"Login successful, MFA sent"}
{"timestamp":"2025-07-15T06:58:27.037Z","userId":"686aa4ae5482b251f2e90059","email":"155sumargapuri@gmail.com","action":"mfa_verified","details":"MFA code verified, login complete"}
{"timestamp":"2025-07-15T07:09:29.102Z","userId":"6875fea468300d369271a010","email":"sumargapuri112@gmail.com","action":"signup","details":"User registered"}
{"timestamp":"2025-07-15T07:09:54.236Z","userId":"6875fea468300d369271a010","email":"sumargapuri112@gmail.com","action":"login","details":"Login successful, MFA sent"}
{"timestamp":"2025-07-15T07:10:11.580Z","userId":"6875fea468300d369271a010","email":"sumargapuri112@gmail.com","action":"mfa_verified","details":"MFA code verified, login complete"}
{"timestamp":"2025-07-15T07:16:39.577Z","userId":"6875fea468300d369271a010","email":"sumargapuri112@gmail.com","action":"login_failed","details":"Invalid credentials"}
{"timestamp":"2025-07-15T07:16:50.856Z","userId":"6875fea468300d369271a010","email":"sumargapuri112@gmail.com","action":"login","details":"Login successful, MFA sent"}
{"timestamp":"2025-07-15T07:17:04.508Z","userId":"6875fea468300d369271a010","email":"sumargapuri112@gmail.com","action":"mfa_verified","details":"MFA code verified, login complete"}
{"timestamp":"2025-07-15T07:25:03.470Z","userId":"6875fea468300d369271a010","email":"sumargapuri112@gmail.com","action":"login","details":"Login successful, MFA sent"}
{"timestamp":"2025-07-15T07:25:20.208Z","userId":"6875fea468300d369271a010","email":"sumargapuri112@gmail.com","action":"mfa_verified","details":"MFA code verified, login complete"}
{"timestamp":"2025-07-15T07:55:16.100Z","action":"login_failed","details":"Invalid credentials"}
{"timestamp":"2025-07-15T07:55:21.476Z","action":"login_failed","details":"Invalid credentials"}
{"timestamp":"2025-07-15T07:55:34.776Z","userId":"6875fea468300d369271a010","email":"sumargapuri112@gmail.com","action":"login","details":"Login successful, MFA sent"}
{"timestamp":"2025-07-15T07:55:53.691Z","userId":"6875fea468300d369271a010","email":"sumargapuri112@gmail.com","action":"mfa_verified","details":"MFA code verified, login complete"}
{"timestamp":"2025-07-15T09:04:54.230Z","userId":"6875fea468300d369271a010","email":"sumargapuri112@gmail.com","action":"login","details":"Login successful, MFA sent"}
{"timestamp":"2025-07-15T09:05:46.450Z","userId":"6875fea468300d369271a010","email":"sumargapuri112@gmail.com","action":"mfa_verified","details":"MFA code verified, login complete"}
